#
# There is insufficient memory for the Java Runtime Environment to continue.
# Native memory allocation (malloc) failed to allocate 1048576 bytes. Error detail: AllocateHeap
# Possible reasons:
#   The system is out of physical RAM or swap space
#   This process is running with CompressedOops enabled, and the Java Heap may be blocking the growth of the native heap
# Possible solutions:
#   Reduce memory load on the system
#   Increase physical memory or swap space
#   Check if swap backing store is full
#   Decrease Java heap size (-Xmx/-Xms)
#   Decrease number of Java threads
#   Decrease Java thread stack sizes (-Xss)
#   Set larger code cache with -XX:ReservedCodeCacheSize=
#   JVM is running with Unscaled Compressed Oops mode in which the Java heap is
#     placed in the first 4GB address space. The Java Heap base address is the
#     maximum limit for the native heap growth. Please use -XX:HeapBaseMinAddress
#     to set the Java Heap base and to place the Java Heap above 4GB virtual address.
# This output file may be truncated or incomplete.
#
#  Out of Memory Error (allocation.cpp:44), pid=1280, tid=7716
#
# JRE version: OpenJDK Runtime Environment Temurin-21.0.10+7 (21.0.10+7) (build 21.0.10+7-LTS)
# Java VM: OpenJDK 64-Bit Server VM Temurin-21.0.10+7 (21.0.10+7-LTS, mixed mode, sharing, tiered, compressed oops, compressed class ptrs, parallel gc, windows-amd64)
# No core dump will be written. Minidumps are not enabled by default on client versions of Windows
#

---------------  S U M M A R Y ------------

Command Line: --add-modules=ALL-SYSTEM --add-opens=java.base/java.util=ALL-UNNAMED --add-opens=java.base/java.lang=ALL-UNNAMED --add-opens=java.base/sun.nio.fs=ALL-UNNAMED -Declipse.application=org.eclipse.jdt.ls.core.id1 -Dosgi.bundles.defaultStartLevel=4 -Declipse.product=org.eclipse.jdt.ls.core.product -Djava.import.generatesMetadataFilesAtProjectRoot=false -DDetectVMInstallationsJob.disabled=true -Dfile.encoding=utf8 -XX:+UseParallelGC -XX:GCTimeRatio=4 -XX:AdaptiveSizePolicyWeight=90 -Dsun.zip.disableMemoryMapping=true -Xmx2G -Xms100m -Xlog:disable -javaagent:c:\Users\marco\.vscode\extensions\redhat.java-1.54.0-win32-x64\lombok\lombok-1.18.39-4050.jar -XX:+HeapDumpOnOutOfMemoryError -XX:HeapDumpPath=c:\Users\marco\AppData\Roaming\Code\User\workspaceStorage\8b49c7789c27954e92cfad00a29976a5\redhat.java -Daether.dependencyCollector.impl=bf c:\Users\marco\.vscode\extensions\redhat.java-1.54.0-win32-x64\server\plugins\org.eclipse.equinox.launcher_1.7.100.v20251111-0406.jar -configuration c:\Users\marco\AppData\Roaming\Code\User\globalStorage\redhat.java\1.54.0\config_win -data c:\Users\marco\AppData\Roaming\Code\User\workspaceStorage\8b49c7789c27954e92cfad00a29976a5\redhat.java\jdt_ws --pipe=\\.\pipe\lsp-8729ce2b2954a8339079423fa3f1f10a-sock

Host: Intel(R) Core(TM) i3-10110U CPU @ 2.10GHz, 4 cores, 3G,  Windows 11 , 64 bit Build 26100 (10.0.26100.8328)
Time: Tue May  5 15:01:15 2026 Hora Padr緌 de Caracas elapsed time: 4533.254271 seconds (0d 1h 15m 33s)

---------------  T H R E A D  ---------------

Current thread (0x0000020bbe10c8d0):  JavaThread "Attach Listener" daemon [_thread_in_vm, id=7716, stack(0x00000020e1d00000,0x00000020e1e00000) (1024K)]

Stack: [0x00000020e1d00000,0x00000020e1e00000]
Native frames: (J=compiled Java code, j=interpreted, Vv=VM code, C=native code)
V  [jvm.dll+0x6d7a39]
V  [jvm.dll+0x8b4b26]
V  [jvm.dll+0x8b70de]
V  [jvm.dll+0x8b77c3]
V  [jvm.dll+0x284346]
V  [jvm.dll+0xc1277]
V  [jvm.dll+0x6d82e9]
V  [jvm.dll+0x1334a6]
V  [jvm.dll+0x3f857e]
V  [jvm.dll+0x85f59d]
V  [jvm.dll+0x6d626d]
C  [ucrtbase.dll+0x37b0]
C  [KERNEL32.DLL+0x2e957]
C  [ntdll.dll+0x427c]


---------------  P R O C E S S  ---------------

Threads class SMR info:
_java_thread_list=0x0000020c1cf81d80, length=31, elements={
0x0000020bbe21d5d0, 0x0000020bbe102240, 0x0000020bbe107650, 0x0000020bbe109b00,
0x0000020bbe10c8d0, 0x0000020bbe10d6e0, 0x0000020bbe10e140, 0x0000020bbe1185b0,
0x0000020bbe186ff0, 0x0000020c169f7c10, 0x0000020c16b3d420, 0x0000020c1b1f5670,
0x0000020c1b262ae0, 0x0000020c1b20a640, 0x0000020c1b21c010, 0x0000020c1b928320,
0x0000020c1babd980, 0x0000020c16c13800, 0x0000020c1c982810, 0x0000020c1c982180,
0x0000020c1c981af0, 0x0000020c1e2a7830, 0x0000020c1e2a7ec0, 0x0000020c1e2aacb0,
0x0000020c1e2a8be0, 0x0000020c1e2ab9d0, 0x0000020c1e2a8550, 0x0000020c1e2a9f90,
0x0000020c1e2ac060, 0x0000020c1c9800b0, 0x0000020c1c99b3e0
}

Java Threads: ( => current thread )
  0x0000020bbe21d5d0 JavaThread "main"                              [_thread_blocked, id=16296, stack(0x00000020e1600000,0x00000020e1700000) (1024K)]
  0x0000020bbe102240 JavaThread "Reference Handler"          daemon [_thread_blocked, id=13652, stack(0x00000020e1a00000,0x00000020e1b00000) (1024K)]
  0x0000020bbe107650 JavaThread "Finalizer"                  daemon [_thread_blocked, id=9908, stack(0x00000020e1b00000,0x00000020e1c00000) (1024K)]
  0x0000020bbe109b00 JavaThread "Signal Dispatcher"          daemon [_thread_blocked, id=2404, stack(0x00000020e1c00000,0x00000020e1d00000) (1024K)]
=>0x0000020bbe10c8d0 JavaThread "Attach Listener"            daemon [_thread_in_vm, id=7716, stack(0x00000020e1d00000,0x00000020e1e00000) (1024K)]
  0x0000020bbe10d6e0 JavaThread "Service Thread"             daemon [_thread_blocked, id=7956, stack(0x00000020e1e00000,0x00000020e1f00000) (1024K)]
  0x0000020bbe10e140 JavaThread "Monitor Deflation Thread"   daemon [_thread_blocked, id=10772, stack(0x00000020e1f00000,0x00000020e2000000) (1024K)]
  0x0000020bbe1185b0 JavaThread "C2 CompilerThread0"         daemon [_thread_blocked, id=6948, stack(0x00000020e2000000,0x00000020e2100000) (1024K)]
  0x0000020bbe186ff0 JavaThread "C1 CompilerThread0"         daemon [_thread_blocked, id=14004, stack(0x00000020e2100000,0x00000020e2200000) (1024K)]
  0x0000020c169f7c10 JavaThread "Common-Cleaner"             daemon [_thread_blocked, id=3708, stack(0x00000020e2200000,0x00000020e2300000) (1024K)]
  0x0000020c16b3d420 JavaThread "Notification Thread"        daemon [_thread_blocked, id=4980, stack(0x00000020e2300000,0x00000020e2400000) (1024K)]
  0x0000020c1b1f5670 JavaThread "Active Thread: Equinox Container: 1d86b305-696c-491d-bafc-75bba98651d1"        [_thread_blocked, id=14972, stack(0x00000020e2700000,0x00000020e2800000) (1024K)]
  0x0000020c1b262ae0 JavaThread "Refresh Thread: Equinox Container: 1d86b305-696c-491d-bafc-75bba98651d1" daemon [_thread_blocked, id=2260, stack(0x00000020e2800000,0x00000020e2900000) (1024K)]
  0x0000020c1b20a640 JavaThread "Framework Event Dispatcher: Equinox Container: 1d86b305-696c-491d-bafc-75bba98651d1" daemon [_thread_blocked, id=16980, stack(0x00000020e2900000,0x00000020e2a00000) (1024K)]
  0x0000020c1b21c010 JavaThread "Start Level: Equinox Container: 1d86b305-696c-491d-bafc-75bba98651d1" daemon [_thread_blocked, id=7124, stack(0x00000020e2a00000,0x00000020e2b00000) (1024K)]
  0x0000020c1b928320 JavaThread "Bundle File Closer"         daemon [_thread_blocked, id=3368, stack(0x00000020e2b00000,0x00000020e2c00000) (1024K)]
  0x0000020c1babd980 JavaThread "SCR Component Actor"        daemon [_thread_blocked, id=17076, stack(0x00000020e2c00000,0x00000020e2d00000) (1024K)]
  0x0000020c16c13800 JavaThread "Worker-JM"                         [_thread_blocked, id=5068, stack(0x00000020e2d00000,0x00000020e2e00000) (1024K)]
  0x0000020c1c982810 JavaThread "Java indexing"              daemon [_thread_blocked, id=13120, stack(0x00000020e3200000,0x00000020e3300000) (1024K)]
  0x0000020c1c982180 JavaThread "JNA Cleaner"                daemon [_thread_blocked, id=1712, stack(0x00000020e3300000,0x00000020e3400000) (1024K)]
  0x0000020c1c981af0 JavaThread "Thread-1"                   daemon [_thread_in_native, id=5584, stack(0x00000020e3800000,0x00000020e3900000) (1024K)]
  0x0000020c1e2a7830 JavaThread "Thread-2"                   daemon [_thread_in_native, id=16796, stack(0x00000020e3900000,0x00000020e3a00000) (1024K)]
  0x0000020c1e2a7ec0 JavaThread "Thread-3"                   daemon [_thread_in_native, id=16840, stack(0x00000020e3a00000,0x00000020e3b00000) (1024K)]
  0x0000020c1e2aacb0 JavaThread "Thread-4"                   daemon [_thread_in_native, id=12332, stack(0x00000020e3b00000,0x00000020e3c00000) (1024K)]
  0x0000020c1e2a8be0 JavaThread "Thread-5"                   daemon [_thread_in_native, id=9256, stack(0x00000020e3c00000,0x00000020e3d00000) (1024K)]
  0x0000020c1e2ab9d0 JavaThread "pool-2-thread-1"                   [_thread_blocked, id=12664, stack(0x00000020e3d00000,0x00000020e3e00000) (1024K)]
  0x0000020c1e2a8550 JavaThread "WorkspaceEventsHandler"            [_thread_blocked, id=14596, stack(0x00000020e3e00000,0x00000020e3f00000) (1024K)]
  0x0000020c1e2a9f90 JavaThread "pool-1-thread-1"                   [_thread_blocked, id=13240, stack(0x00000020e3f00000,0x00000020e4000000) (1024K)]
  0x0000020c1e2ac060 JavaThread "Cleaner-0"                  daemon [_thread_blocked, id=17200, stack(0x00000020e2f00000,0x00000020e3000000) (1024K)]
  0x0000020c1c9800b0 JavaThread "Worker-8"                          [_thread_blocked, id=8508, stack(0x00000020e3500000,0x00000020e3600000) (1024K)]
  0x0000020c1c99b3e0 JavaThread "Worker-9"                          [_thread_blocked, id=1488, stack(0x00000020e3100000,0x00000020e3200000) (1024K)]
Total: 31

Other Threads:
  0x0000020bbe2dbef0 VMThread "VM Thread"                           [id=16004, stack(0x00000020e1900000,0x00000020e1a00000) (1024K)]
  0x0000020bbe0aca10 WatcherThread "VM Periodic Task Thread"        [id=15016, stack(0x00000020e1800000,0x00000020e1900000) (1024K)]
  0x0000020bbe23ba80 WorkerThread "GC Thread#0"                     [id=1172, stack(0x00000020e1700000,0x00000020e1800000) (1024K)]
  0x0000020c1b120100 WorkerThread "GC Thread#1"                     [id=4428, stack(0x00000020e2400000,0x00000020e2500000) (1024K)]
  0x0000020c1b4388e0 WorkerThread "GC Thread#2"                     [id=14412, stack(0x00000020e2500000,0x00000020e2600000) (1024K)]
  0x0000020c1b116480 WorkerThread "GC Thread#3"                     [id=2344, stack(0x00000020e2600000,0x00000020e2700000) (1024K)]
Total: 6

Threads with active compile tasks:
Total: 0

VM state: not at safepoint (normal execution)

VM Mutex/Monitor currently owned by a thread: None

Heap address: 0x0000000080000000, size: 2048 MB, Compressed Oops mode: 32-bit

CDS archive(s) mapped at: [0x0000020bd5000000-0x0000020bd5ba0000-0x0000020bd5ba0000), size 12189696, SharedBaseAddress: 0x0000020bd5000000, ArchiveRelocationMode: 1.
Compressed class space mapped at: 0x0000020bd6000000-0x0000020c16000000, reserved size: 1073741824
Narrow klass base: 0x0000020bd5000000, Narrow klass shift: 0, Narrow klass range: 0x100000000

GC Precious Log:
 CardTable entry size: 512
 CPUs: 4 total, 4 available
 Memory: 3930M
 Large Page Support: Disabled
 NUMA Support: Disabled
 Compressed Oops: Enabled (32-bit)
 Alignments: Space 512K, Generation 512K, Heap 2M
 Heap Min Capacity: 100M
 Heap Initial Capacity: 100M
 Heap Max Capacity: 2G
 Pre-touch: Disabled
 Parallel Workers: 4

Heap:
 PSYoungGen      total 2048K, used 309K [0x00000000d5580000, 0x00000000d5980000, 0x0000000100000000)
  eden space 1536K, 11% used [0x00000000d5580000,0x00000000d55ad670,0x00000000d5700000)
  from space 512K, 25% used [0x00000000d5880000,0x00000000d58a0000,0x00000000d5900000)
  to   space 512K, 0% used [0x00000000d5900000,0x00000000d5900000,0x00000000d5980000)
 ParOldGen       total 487424K, used 257044K [0x0000000080000000, 0x000000009dc00000, 0x00000000d5580000)
  object space 487424K, 52% used [0x0000000080000000,0x000000008fb051b8,0x000000009dc00000)
 Metaspace       used 83519K, committed 85120K, reserved 1179648K
  class space    used 8581K, committed 9280K, reserved 1048576K

Card table byte_map: [0x0000020bbdbc0000,0x0000020bbdfd0000] _byte_map_base: 0x0000020bbd7c0000

Marking Bits: (ParMarkBitMap*) 0x00007ffcd0e53450
 Begin Bits: [0x0000020bd06d0000, 0x0000020bd26d0000)
 End Bits:   [0x0000020bd26d0000, 0x0000020bd46d0000)

Polling page: 0x0000020bbc080000

Metaspace:

Usage:
  Non-class:     73.18 MB used.
      Class:      8.38 MB used.
       Both:     81.56 MB used.

Virtual space:
  Non-class space:      128.00 MB reserved,      74.06 MB ( 58%) committed,  2 nodes.
      Class space:        1.00 GB reserved,       9.06 MB ( <1%) committed,  1 nodes.
             Both:        1.12 GB reserved,      83.12 MB (  7%) committed. 

Chunk freelists:
   Non-Class:  5.22 MB
       Class:  7.02 MB
        Both:  12.23 MB

MaxMetaspaceSize: unlimited
CompressedClassSpaceSize: 1.00 GB
Initial GC threshold: 21.00 MB
Current GC threshold: 133.44 MB
CDS: on
 - commit_granule_bytes: 65536.
 - commit_granule_words: 8192.
 - virtual_space_node_default_size: 8388608.
 - enlarge_chunks_in_place: 1.
 - use_allocation_guard: 0.


Internal statistics:

num_allocs_failed_limit: 9.
num_arena_births: 1510.
num_arena_deaths: 292.
num_vsnodes_births: 3.
num_vsnodes_deaths: 0.
num_space_committed: 1330.
num_space_uncommitted: 0.
num_chunks_returned_to_freelist: 337.
num_chunks_taken_from_freelist: 5578.
num_chunk_merges: 86.
num_chunk_splits: 3266.
num_chunks_enlarged: 1862.
num_inconsistent_stats: 0.

CodeHeap 'non-profiled nmethods': size=120000Kb used=16947Kb max_used=16947Kb free=103052Kb
 bounds [0x0000020bc8ef0000, 0x0000020bc9f80000, 0x0000020bd0420000]
CodeHeap 'profiled nmethods': size=120000Kb used=42599Kb max_used=42599Kb free=77400Kb
 bounds [0x0000020bc1420000, 0x0000020bc3dc0000, 0x0000020bc8950000]
CodeHeap 'non-nmethods': size=5760Kb used=1516Kb max_used=1614Kb free=4243Kb
 bounds [0x0000020bc8950000, 0x0000020bc8bc0000, 0x0000020bc8ef0000]
CodeCache: size=245760Kb, used=61062Kb, max_used=61160Kb, free=184695Kb
 total_blobs=17784, nmethods=16944, adapters=742, full_count=0
Compilation: enabled, stopped_count=0, restarted_count=0

Compilation events (20 events):
Event: 4127.488 Thread 0x0000020bbe1185b0 18366       4       org.eclipse.jdt.internal.compiler.lookup.Scope::validateNullAnnotation (114 bytes)
Event: 4127.489 Thread 0x0000020bbe1185b0 nmethod 18366 0x0000020bc9f79d10 code [0x0000020bc9f79ea0, 0x0000020bc9f7a048]
Event: 4127.490 Thread 0x0000020bbe186ff0 18367       3       org.eclipse.jdt.internal.compiler.problem.ProblemReporter::excludeDueToAnnotation (162 bytes)
Event: 4127.490 Thread 0x0000020bbe186ff0 nmethod 18367 0x0000020bc3db6810 code [0x0000020bc3db6a00, 0x0000020bc3db71d8]
Event: 4127.490 Thread 0x0000020bbe186ff0 18369       3       org.eclipse.jdt.internal.compiler.lookup.ParameterizedTypeBinding::genericTypeSignature (230 bytes)
Event: 4127.491 Thread 0x0000020bbe186ff0 nmethod 18369 0x0000020bc3db7390 code [0x0000020bc3db7700, 0x0000020bc3db8a38]
Event: 4127.493 Thread 0x0000020bbe186ff0 18368       3       org.eclipse.jdt.internal.compiler.problem.ProblemReporter::handle (15 bytes)
Event: 4127.494 Thread 0x0000020bbe186ff0 nmethod 18368 0x0000020bc3db9090 code [0x0000020bc3db9240, 0x0000020bc3db93a0]
Event: 4127.731 Thread 0x0000020bbe1185b0 18370       4       org.eclipse.jdt.internal.compiler.lookup.WildcardBinding::<init> (93 bytes)
Event: 4127.739 Thread 0x0000020bbe186ff0 18373       3       org.eclipse.core.internal.preferences.PreferencesService$$Lambda/0x0000020bd61a4850::apply (5 bytes)
Event: 4127.740 Thread 0x0000020bbe186ff0 nmethod 18373 0x0000020bc3db9490 code [0x0000020bc3db9640, 0x0000020bc3db9838]
Event: 4127.740 Thread 0x0000020bbe186ff0 18374       3       org.eclipse.core.internal.preferences.PreferencesService::lambda$7 (5 bytes)
Event: 4127.740 Thread 0x0000020bbe186ff0 nmethod 18374 0x0000020bc3db9910 code [0x0000020bc3db9aa0, 0x0000020bc3db9c20]
Event: 4127.741 Thread 0x0000020bbe1185b0 nmethod 18370 0x0000020bc9f7a210 code [0x0000020bc9f7a400, 0x0000020bc9f7ab80]
Event: 4127.741 Thread 0x0000020bbe1185b0 18371       4       java.util.LinkedHashMap::keysToArray (80 bytes)
Event: 4127.748 Thread 0x0000020bbe1185b0 nmethod 18371 0x0000020bc9f7af10 code [0x0000020bc9f7b0a0, 0x0000020bc9f7b570]
Event: 4127.748 Thread 0x0000020bbe1185b0 18372       4       org.eclipse.jdt.internal.compiler.lookup.BinaryTypeBinding::enclosingType (54 bytes)
Event: 4127.749 Thread 0x0000020bbe1185b0 nmethod 18372 0x0000020bc9f7b690 code [0x0000020bc9f7b820, 0x0000020bc9f7b958]
Event: 4127.753 Thread 0x0000020bbe1185b0 18375       4       org.eclipse.jdt.internal.compiler.lookup.ParameterizedTypeBinding::<init> (181 bytes)
Event: 4127.773 Thread 0x0000020bbe1185b0 nmethod 18375 0x0000020bc9f7ba90 code [0x0000020bc9f7bca0, 0x0000020bc9f7c898]

GC Heap History (20 events):
Event: 4127.378 GC heap before
{Heap before GC invocations=1168 (full 4):
 PSYoungGen      total 2048K, used 1776K [0x00000000d5580000, 0x00000000d5980000, 0x0000000100000000)
  eden space 1536K, 100% used [0x00000000d5580000,0x00000000d5700000,0x00000000d5700000)
  from space 512K, 46% used [0x00000000d5880000,0x00000000d58bc010,0x00000000d5900000)
  to   space 512K, 0% used [0x00000000d5900000,0x00000000d5900000,0x00000000d5980000)
 ParOldGen       total 487424K, used 256610K [0x0000000080000000, 0x000000009dc00000, 0x00000000d5580000)
  object space 487424K, 52% used [0x0000000080000000,0x000000008fa98aa8,0x000000009dc00000)
 Metaspace       used 83513K, committed 85120K, reserved 1179648K
  class space    used 8581K, committed 9280K, reserved 1048576K
}
Event: 4127.380 GC heap after
{Heap after GC invocations=1168 (full 4):
 PSYoungGen      total 2048K, used 128K [0x00000000d5580000, 0x00000000d5980000, 0x0000000100000000)
  eden space 1536K, 0% used [0x00000000d5580000,0x00000000d5580000,0x00000000d5700000)
  from space 512K, 25% used [0x00000000d5900000,0x00000000d5920000,0x00000000d5980000)
  to   space 512K, 0% used [0x00000000d5880000,0x00000000d5880000,0x00000000d5900000)
 ParOldGen       total 487424K, used 256618K [0x0000000080000000, 0x000000009dc00000, 0x00000000d5580000)
  object space 487424K, 52% used [0x0000000080000000,0x000000008fa9aaa8,0x000000009dc00000)
 Metaspace       used 83513K, committed 85120K, reserved 1179648K
  class space    used 8581K, committed 9280K, reserved 1048576K
}
Event: 4127.397 GC heap before
{Heap before GC invocations=1169 (full 4):
 PSYoungGen      total 2048K, used 1664K [0x00000000d5580000, 0x00000000d5980000, 0x0000000100000000)
  eden space 1536K, 100% used [0x00000000d5580000,0x00000000d5700000,0x00000000d5700000)
  from space 512K, 25% used [0x00000000d5900000,0x00000000d5920000,0x00000000d5980000)
  to   space 512K, 0% used [0x00000000d5880000,0x00000000d5880000,0x00000000d5900000)
 ParOldGen       total 487424K, used 256618K [0x0000000080000000, 0x000000009dc00000, 0x00000000d5580000)
  object space 487424K, 52% used [0x0000000080000000,0x000000008fa9aaa8,0x000000009dc00000)
 Metaspace       used 83514K, committed 85120K, reserved 1179648K
  class space    used 8581K, committed 9280K, reserved 1048576K
}
Event: 4127.399 GC heap after
{Heap after GC invocations=1169 (full 4):
 PSYoungGen      total 2048K, used 192K [0x00000000d5580000, 0x00000000d5980000, 0x0000000100000000)
  eden space 1536K, 0% used [0x00000000d5580000,0x00000000d5580000,0x00000000d5700000)
  from space 512K, 37% used [0x00000000d5880000,0x00000000d58b0000,0x00000000d5900000)
  to   space 512K, 0% used [0x00000000d5900000,0x00000000d5900000,0x00000000d5980000)
 ParOldGen       total 487424K, used 256650K [0x0000000080000000, 0x000000009dc00000, 0x00000000d5580000)
  object space 487424K, 52% used [0x0000000080000000,0x000000008faa2aa8,0x000000009dc00000)
 Metaspace       used 83514K, committed 85120K, reserved 1179648K
  class space    used 8581K, committed 9280K, reserved 1048576K
}
Event: 4127.414 GC heap before
{Heap before GC invocations=1170 (full 4):
 PSYoungGen      total 2048K, used 1728K [0x00000000d5580000, 0x00000000d5980000, 0x0000000100000000)
  eden space 1536K, 100% used [0x00000000d5580000,0x00000000d5700000,0x00000000d5700000)
  from space 512K, 37% used [0x00000000d5880000,0x00000000d58b0000,0x00000000d5900000)
  to   space 512K, 0% used [0x00000000d5900000,0x00000000d5900000,0x00000000d5980000)
 ParOldGen       total 487424K, used 256650K [0x0000000080000000, 0x000000009dc00000, 0x00000000d5580000)
  object space 487424K, 52% used [0x0000000080000000,0x000000008faa2aa8,0x000000009dc00000)
 Metaspace       used 83514K, committed 85120K, reserved 1179648K
  class space    used 8581K, committed 9280K, reserved 1048576K
}
Event: 4127.419 GC heap after
{Heap after GC invocations=1170 (full 4):
 PSYoungGen      total 2048K, used 128K [0x00000000d5580000, 0x00000000d5980000, 0x0000000100000000)
  eden space 1536K, 0% used [0x00000000d5580000,0x00000000d5580000,0x00000000d5700000)
  from space 512K, 25% used [0x00000000d5900000,0x00000000d5920000,0x00000000d5980000)
  to   space 512K, 0% used [0x00000000d5880000,0x00000000d5880000,0x00000000d5900000)
 ParOldGen       total 487424K, used 256794K [0x0000000080000000, 0x000000009dc00000, 0x00000000d5580000)
  object space 487424K, 52% used [0x0000000080000000,0x000000008fac6aa8,0x000000009dc00000)
 Metaspace       used 83514K, committed 85120K, reserved 1179648K
  class space    used 8581K, committed 9280K, reserved 1048576K
}
Event: 4127.429 GC heap before
{Heap before GC invocations=1171 (full 4):
 PSYoungGen      total 2048K, used 1664K [0x00000000d5580000, 0x00000000d5980000, 0x0000000100000000)
  eden space 1536K, 100% used [0x00000000d5580000,0x00000000d5700000,0x00000000d5700000)
  from space 512K, 25% used [0x00000000d5900000,0x00000000d5920000,0x00000000d5980000)
  to   space 512K, 0% used [0x00000000d5880000,0x00000000d5880000,0x00000000d5900000)
 ParOldGen       total 487424K, used 256794K [0x0000000080000000, 0x000000009dc00000, 0x00000000d5580000)
  object space 487424K, 52% used [0x0000000080000000,0x000000008fac6aa8,0x000000009dc00000)
 Metaspace       used 83516K, committed 85120K, reserved 1179648K
  class space    used 8581K, committed 9280K, reserved 1048576K
}
Event: 4127.432 GC heap after
{Heap after GC invocations=1171 (full 4):
 PSYoungGen      total 2048K, used 192K [0x00000000d5580000, 0x00000000d5980000, 0x0000000100000000)
  eden space 1536K, 0% used [0x00000000d5580000,0x00000000d5580000,0x00000000d5700000)
  from space 512K, 37% used [0x00000000d5880000,0x00000000d58b0000,0x00000000d5900000)
  to   space 512K, 0% used [0x00000000d5900000,0x00000000d5900000,0x00000000d5980000)
 ParOldGen       total 487424K, used 256818K [0x0000000080000000, 0x000000009dc00000, 0x00000000d5580000)
  object space 487424K, 52% used [0x0000000080000000,0x000000008faccaa8,0x000000009dc00000)
 Metaspace       used 83516K, committed 85120K, reserved 1179648K
  class space    used 8581K, committed 9280K, reserved 1048576K
}
Event: 4127.447 GC heap before
{Heap before GC invocations=1172 (full 4):
 PSYoungGen      total 2048K, used 1728K [0x00000000d5580000, 0x00000000d5980000, 0x0000000100000000)
  eden space 1536K, 100% used [0x00000000d5580000,0x00000000d5700000,0x00000000d5700000)
  from space 512K, 37% used [0x00000000d5880000,0x00000000d58b0000,0x00000000d5900000)
  to   space 512K, 0% used [0x00000000d5900000,0x00000000d5900000,0x00000000d5980000)
 ParOldGen       total 487424K, used 256818K [0x0000000080000000, 0x000000009dc00000, 0x00000000d5580000)
  object space 487424K, 52% used [0x0000000080000000,0x000000008faccaa8,0x000000009dc00000)
 Metaspace       used 83516K, committed 85120K, reserved 1179648K
  class space    used 8581K, committed 9280K, reserved 1048576K
}
Event: 4127.450 GC heap after
{Heap after GC invocations=1172 (full 4):
 PSYoungGen      total 2048K, used 128K [0x00000000d5580000, 0x00000000d5980000, 0x0000000100000000)
  eden space 1536K, 0% used [0x00000000d5580000,0x00000000d5580000,0x00000000d5700000)
  from space 512K, 25% used [0x00000000d5900000,0x00000000d5920000,0x00000000d5980000)
  to   space 512K, 0% used [0x00000000d5880000,0x00000000d5880000,0x00000000d5900000)
 ParOldGen       total 487424K, used 256903K [0x0000000080000000, 0x000000009dc00000, 0x00000000d5580000)
  object space 487424K, 52% used [0x0000000080000000,0x000000008fae1d38,0x000000009dc00000)
 Metaspace       used 83516K, committed 85120K, reserved 1179648K
  class space    used 8581K, committed 9280K, reserved 1048576K
}
Event: 4127.477 GC heap before
{Heap before GC invocations=1173 (full 4):
 PSYoungGen      total 2048K, used 1664K [0x00000000d5580000, 0x00000000d5980000, 0x0000000100000000)
  eden space 1536K, 100% used [0x00000000d5580000,0x00000000d5700000,0x00000000d5700000)
  from space 512K, 25% used [0x00000000d5900000,0x00000000d5920000,0x00000000d5980000)
  to   space 512K, 0% used [0x00000000d5880000,0x00000000d5880000,0x00000000d5900000)
 ParOldGen       total 487424K, used 256903K [0x0000000080000000, 0x000000009dc00000, 0x00000000d5580000)
  object space 487424K, 52% used [0x0000000080000000,0x000000008fae1d38,0x000000009dc00000)
 Metaspace       used 83516K, committed 85120K, reserved 1179648K
  class space    used 8581K, committed 9280K, reserved 1048576K
}
Event: 4127.479 GC heap after
{Heap after GC invocations=1173 (full 4):
 PSYoungGen      total 2048K, used 224K [0x00000000d5580000, 0x00000000d5980000, 0x0000000100000000)
  eden space 1536K, 0% used [0x00000000d5580000,0x00000000d5580000,0x00000000d5700000)
  from space 512K, 43% used [0x00000000d5880000,0x00000000d58b8000,0x00000000d5900000)
  to   space 512K, 0% used [0x00000000d5900000,0x00000000d5900000,0x00000000d5980000)
 ParOldGen       total 487424K, used 256927K [0x0000000080000000, 0x000000009dc00000, 0x00000000d5580000)
  object space 487424K, 52% used [0x0000000080000000,0x000000008fae7d38,0x000000009dc00000)
 Metaspace       used 83516K, committed 85120K, reserved 1179648K
  class space    used 8581K, committed 9280K, reserved 1048576K
}
Event: 4127.484 GC heap before
{Heap before GC invocations=1174 (full 4):
 PSYoungGen      total 2048K, used 1760K [0x00000000d5580000, 0x00000000d5980000, 0x0000000100000000)
  eden space 1536K, 100% used [0x00000000d5580000,0x00000000d5700000,0x00000000d5700000)
  from space 512K, 43% used [0x00000000d5880000,0x00000000d58b8000,0x00000000d5900000)
  to   space 512K, 0% used [0x00000000d5900000,0x00000000d5900000,0x00000000d5980000)
 ParOldGen       total 487424K, used 256927K [0x0000000080000000, 0x000000009dc00000, 0x00000000d5580000)
  object space 487424K, 52% used [0x0000000080000000,0x000000008fae7d38,0x000000009dc00000)
 Metaspace       used 83516K, committed 85120K, reserved 1179648K
  class space    used 8581K, committed 9280K, reserved 1048576K
}
Event: 4127.486 GC heap after
{Heap after GC invocations=1174 (full 4):
 PSYoungGen      total 2048K, used 512K [0x00000000d5580000, 0x00000000d5980000, 0x0000000100000000)
  eden space 1536K, 0% used [0x00000000d5580000,0x00000000d5580000,0x00000000d5700000)
  from space 512K, 100% used [0x00000000d5900000,0x00000000d5980000,0x00000000d5980000)
  to   space 1024K, 0% used [0x00000000d5780000,0x00000000d5780000,0x00000000d5880000)
 ParOldGen       total 487424K, used 256972K [0x0000000080000000, 0x000000009dc00000, 0x00000000d5580000)
  object space 487424K, 52% used [0x0000000080000000,0x000000008faf31b8,0x000000009dc00000)
 Metaspace       used 83516K, committed 85120K, reserved 1179648K
  class space    used 8581K, committed 9280K, reserved 1048576K
}
Event: 4127.491 GC heap before
{Heap before GC invocations=1175 (full 4):
 PSYoungGen      total 2048K, used 2048K [0x00000000d5580000, 0x00000000d5980000, 0x0000000100000000)
  eden space 1536K, 100% used [0x00000000d5580000,0x00000000d5700000,0x00000000d5700000)
  from space 512K, 100% used [0x00000000d5900000,0x00000000d5980000,0x00000000d5980000)
  to   space 1024K, 0% used [0x00000000d5780000,0x00000000d5780000,0x00000000d5880000)
 ParOldGen       total 487424K, used 256972K [0x0000000080000000, 0x000000009dc00000, 0x00000000d5580000)
  object space 487424K, 52% used [0x0000000080000000,0x000000008faf31b8,0x000000009dc00000)
 Metaspace       used 83519K, committed 85120K, reserved 1179648K
  class space    used 8581K, committed 9280K, reserved 1048576K
}
Event: 4127.493 GC heap after
{Heap after GC invocations=1175 (full 4):
 PSYoungGen      total 2560K, used 448K [0x00000000d5580000, 0x00000000d5980000, 0x0000000100000000)
  eden space 1536K, 0% used [0x00000000d5580000,0x00000000d5580000,0x00000000d5700000)
  from space 1024K, 43% used [0x00000000d5780000,0x00000000d57f0000,0x00000000d5880000)
  to   space 512K, 0% used [0x00000000d5900000,0x00000000d5900000,0x00000000d5980000)
 ParOldGen       total 487424K, used 257020K [0x0000000080000000, 0x000000009dc00000, 0x00000000d5580000)
  object space 487424K, 52% used [0x0000000080000000,0x000000008faff1b8,0x000000009dc00000)
 Metaspace       used 83519K, committed 85120K, reserved 1179648K
  class space    used 8581K, committed 9280K, reserved 1048576K
}
Event: 4127.733 GC heap before
{Heap before GC invocations=1176 (full 4):
 PSYoungGen      total 2560K, used 1982K [0x00000000d5580000, 0x00000000d5980000, 0x0000000100000000)
  eden space 1536K, 99% used [0x00000000d5580000,0x00000000d56ffa30,0x00000000d5700000)
  from space 1024K, 43% used [0x00000000d5780000,0x00000000d57f0000,0x00000000d5880000)
  to   space 512K, 0% used [0x00000000d5900000,0x00000000d5900000,0x00000000d5980000)
 ParOldGen       total 487424K, used 257020K [0x0000000080000000, 0x000000009dc00000, 0x00000000d5580000)
  object space 487424K, 52% used [0x0000000080000000,0x000000008faff1b8,0x000000009dc00000)
 Metaspace       used 83519K, committed 85120K, reserved 1179648K
  class space    used 8581K, committed 9280K, reserved 1048576K
}
Event: 4127.735 GC heap after
{Heap after GC invocations=1176 (full 4):
 PSYoungGen      total 2048K, used 496K [0x00000000d5580000, 0x00000000d5980000, 0x0000000100000000)
  eden space 1536K, 0% used [0x00000000d5580000,0x00000000d5580000,0x00000000d5700000)
  from space 512K, 96% used [0x00000000d5900000,0x00000000d597c010,0x00000000d5980000)
  to   space 512K, 0% used [0x00000000d5880000,0x00000000d5880000,0x00000000d5900000)
 ParOldGen       total 487424K, used 257028K [0x0000000080000000, 0x000000009dc00000, 0x00000000d5580000)
  object space 487424K, 52% used [0x0000000080000000,0x000000008fb011b8,0x000000009dc00000)
 Metaspace       used 83519K, committed 85120K, reserved 1179648K
  class space    used 8581K, committed 9280K, reserved 1048576K
}
Event: 4148.343 GC heap before
{Heap before GC invocations=1177 (full 4):
 PSYoungGen      total 2048K, used 2031K [0x00000000d5580000, 0x00000000d5980000, 0x0000000100000000)
  eden space 1536K, 99% used [0x00000000d5580000,0x00000000d56ffe80,0x00000000d5700000)
  from space 512K, 96% used [0x00000000d5900000,0x00000000d597c010,0x00000000d5980000)
  to   space 512K, 0% used [0x00000000d5880000,0x00000000d5880000,0x00000000d5900000)
 ParOldGen       total 487424K, used 257028K [0x0000000080000000, 0x000000009dc00000, 0x00000000d5580000)
  object space 487424K, 52% used [0x0000000080000000,0x000000008fb011b8,0x000000009dc00000)
 Metaspace       used 83519K, committed 85120K, reserved 1179648K
  class space    used 8581K, committed 9280K, reserved 1048576K
}
Event: 4148.350 GC heap after
{Heap after GC invocations=1177 (full 4):
 PSYoungGen      total 2048K, used 128K [0x00000000d5580000, 0x00000000d5980000, 0x0000000100000000)
  eden space 1536K, 0% used [0x00000000d5580000,0x00000000d5580000,0x00000000d5700000)
  from space 512K, 25% used [0x00000000d5880000,0x00000000d58a0000,0x00000000d5900000)
  to   space 512K, 0% used [0x00000000d5900000,0x00000000d5900000,0x00000000d5980000)
 ParOldGen       total 487424K, used 257044K [0x0000000080000000, 0x000000009dc00000, 0x00000000d5580000)
  object space 487424K, 52% used [0x0000000080000000,0x000000008fb051b8,0x000000009dc00000)
 Metaspace       used 83519K, committed 85120K, reserved 1179648K
  class space    used 8581K, committed 9280K, reserved 1048576K
}

Dll operation events (14 events):
Event: 0.034 Loaded shared library c:\Users\marco\.vscode\extensions\redhat.java-1.54.0-win32-x64\jre\21.0.10-win32-x86_64\bin\java.dll
Event: 0.105 Loaded shared library c:\Users\marco\.vscode\extensions\redhat.java-1.54.0-win32-x64\jre\21.0.10-win32-x86_64\bin\zip.dll
Event: 0.838 Loaded shared library C:\Users\marco\.vscode\extensions\redhat.java-1.54.0-win32-x64\jre\21.0.10-win32-x86_64\bin\instrument.dll
Event: 0.988 Loaded shared library C:\Users\marco\.vscode\extensions\redhat.java-1.54.0-win32-x64\jre\21.0.10-win32-x86_64\bin\net.dll
Event: 0.993 Loaded shared library C:\Users\marco\.vscode\extensions\redhat.java-1.54.0-win32-x64\jre\21.0.10-win32-x86_64\bin\nio.dll
Event: 0.999 Loaded shared library C:\Users\marco\.vscode\extensions\redhat.java-1.54.0-win32-x64\jre\21.0.10-win32-x86_64\bin\zip.dll
Event: 1.129 Loaded shared library C:\Users\marco\.vscode\extensions\redhat.java-1.54.0-win32-x64\jre\21.0.10-win32-x86_64\bin\jimage.dll
Event: 2.067 Loaded shared library c:\Users\marco\.vscode\extensions\redhat.java-1.54.0-win32-x64\jre\21.0.10-win32-x86_64\bin\verify.dll
Event: 7.941 Loaded shared library C:\Users\marco\AppData\Roaming\Code\User\globalStorage\redhat.java\1.54.0\config_win\org.eclipse.equinox.launcher\org.eclipse.equinox.launcher.win32.win32.x86_64_1.3.0.v20260203-2149\eclipse_11919.dll
Event: 15.814 Loaded shared library C:\Users\marco\.vscode\extensions\redhat.java-1.54.0-win32-x64\jre\21.0.10-win32-x86_64\bin\management.dll
Event: 15.835 Loaded shared library C:\Users\marco\.vscode\extensions\redhat.java-1.54.0-win32-x64\jre\21.0.10-win32-x86_64\bin\management_ext.dll
Event: 25.940 Loaded shared library C:\Users\marco\AppData\Local\Temp\jna--1891930580\jna2905429945132407813.dll
Event: 26.304 Loaded shared library C:\Users\marco\.vscode\extensions\redhat.java-1.54.0-win32-x64\jre\21.0.10-win32-x86_64\bin\sunmscapi.dll
Event: 28.726 Loaded shared library C:\Users\marco\.vscode\extensions\redhat.java-1.54.0-win32-x64\jre\21.0.10-win32-x86_64\bin\extnet.dll

Deoptimization events (20 events):
Event: 4121.740 Thread 0x0000020c1e2ac6f0 Uncommon trap: trap_request=0xffffff45 fr.pc=0x0000020bc9ed46a0 relative=0x0000000000000100
Event: 4121.740 Thread 0x0000020c1e2ac6f0 Uncommon trap: reason=unstable_if action=reinterpret pc=0x0000020bc9ed46a0 method=org.eclipse.jdt.internal.formatter.linewrap.WrapExecutor$NLSTagHandler.token(Lorg/eclipse/jdt/internal/formatter/Token;I)Z @ 23 c2
Event: 4121.740 Thread 0x0000020c1e2ac6f0 DEOPT PACKING pc=0x0000020bc9ed46a0 sp=0x00000020e14fd740
Event: 4121.741 Thread 0x0000020c1e2ac6f0 DEOPT UNPACKING pc=0x0000020bc89a3aa2 sp=0x00000020e14fd6b0 mode 2
Event: 4121.741 Thread 0x0000020c1e2ac6f0 Uncommon trap: trap_request=0xffffff45 fr.pc=0x0000020bc9f133cc relative=0x00000000000000ac
Event: 4121.741 Thread 0x0000020c1e2ac6f0 Uncommon trap: reason=unstable_if action=reinterpret pc=0x0000020bc9f133cc method=org.eclipse.jdt.internal.formatter.TextEditsBuilder.bufferAlign(Lorg/eclipse/jdt/internal/formatter/Token;I)Z @ 19 c2
Event: 4121.741 Thread 0x0000020c1e2ac6f0 DEOPT PACKING pc=0x0000020bc9f133cc sp=0x00000020e14fd7f0
Event: 4121.741 Thread 0x0000020c1e2ac6f0 DEOPT UNPACKING pc=0x0000020bc89a3aa2 sp=0x00000020e14fd768 mode 2
Event: 4121.743 Thread 0x0000020c1e2ac6f0 Uncommon trap: trap_request=0xffffff45 fr.pc=0x0000020bc98c3310 relative=0x0000000000000070
Event: 4121.743 Thread 0x0000020c1e2ac6f0 Uncommon trap: reason=unstable_if action=reinterpret pc=0x0000020bc98c3310 method=org.eclipse.jdt.core.dom.VariableDeclaration.getName()Lorg/eclipse/jdt/core/dom/SimpleName; @ 4 c2
Event: 4121.743 Thread 0x0000020c1e2ac6f0 DEOPT PACKING pc=0x0000020bc98c3310 sp=0x00000020e14fd860
Event: 4121.743 Thread 0x0000020c1e2ac6f0 DEOPT UNPACKING pc=0x0000020bc89a3aa2 sp=0x00000020e14fd7f0 mode 2
Event: 4121.804 Thread 0x0000020c1e2a9900 Uncommon trap: trap_request=0xffffffde fr.pc=0x0000020bc9b514f8 relative=0x0000000000000298
Event: 4121.804 Thread 0x0000020c1e2a9900 Uncommon trap: reason=class_check action=maybe_recompile pc=0x0000020bc9b514f8 method=org.eclipse.jdt.internal.compiler.lookup.MethodBinding.getAnnotationTagBits()J @ 29 c2
Event: 4121.804 Thread 0x0000020c1e2a9900 DEOPT PACKING pc=0x0000020bc9b514f8 sp=0x00000020e2efe270
Event: 4121.804 Thread 0x0000020c1e2a9900 DEOPT UNPACKING pc=0x0000020bc89a3aa2 sp=0x00000020e2efe1e8 mode 2
Event: 4121.814 Thread 0x0000020c1e2a9900 Uncommon trap: trap_request=0xffffffde fr.pc=0x0000020bc9b514f8 relative=0x0000000000000298
Event: 4121.814 Thread 0x0000020c1e2a9900 Uncommon trap: reason=class_check action=maybe_recompile pc=0x0000020bc9b514f8 method=org.eclipse.jdt.internal.compiler.lookup.MethodBinding.getAnnotationTagBits()J @ 29 c2
Event: 4121.814 Thread 0x0000020c1e2a9900 DEOPT PACKING pc=0x0000020bc9b514f8 sp=0x00000020e2efe270
Event: 4121.814 Thread 0x0000020c1e2a9900 DEOPT UNPACKING pc=0x0000020bc89a3aa2 sp=0x00000020e2efe1e8 mode 2

Classes loaded (20 events):
Event: 3563.229 Loading class sun/security/ssl/PreSharedKeyExtension$PskIdentity
Event: 3563.230 Loading class sun/security/ssl/PreSharedKeyExtension$PskIdentity done
Event: 3563.231 Loading class sun/security/ssl/PreSharedKeyExtension$CHPreSharedKeySpec
Event: 3563.233 Loading class sun/security/ssl/PreSharedKeyExtension$CHPreSharedKeySpec done
Event: 3563.233 Loading class sun/security/ssl/PreSharedKeyExtension$PartialClientHelloMessage
Event: 3563.234 Loading class sun/security/ssl/PreSharedKeyExtension$PartialClientHelloMessage done
Event: 3563.234 Loading class sun/security/ssl/SSLEngineOutputRecord
Event: 3563.240 Loading class sun/security/ssl/SSLEngineOutputRecord done
Event: 3563.243 Loading class sun/security/ssl/SSLEngineOutputRecord$HandshakeFragment
Event: 3563.245 Loading class sun/security/ssl/SSLEngineOutputRecord$HandshakeFragment done
Event: 3563.245 Loading class sun/security/ssl/SSLEngineOutputRecord$HandshakeMemo
Event: 3563.246 Loading class sun/security/ssl/SSLEngineOutputRecord$RecordMemo
Event: 3563.246 Loading class sun/security/ssl/SSLEngineOutputRecord$RecordMemo done
Event: 3563.246 Loading class sun/security/ssl/SSLEngineOutputRecord$HandshakeMemo done
Event: 3563.313 Loading class sun/security/ssl/PreSharedKeyExtension$SHPreSharedKeySpec
Event: 3563.314 Loading class sun/security/ssl/PreSharedKeyExtension$SHPreSharedKeySpec done
Event: 3915.495 Loading class java/nio/channels/CompletionHandler
Event: 3915.515 Loading class java/nio/channels/CompletionHandler done
Event: 3944.520 Loading class java/lang/StringLatin1$CharsSpliterator
Event: 3944.522 Loading class java/lang/StringLatin1$CharsSpliterator done

Classes unloaded (20 events):
Event: 3631.366 Thread 0x0000020bbe2dbef0 Unloading class 0x0000020bd601ec00 'java/lang/invoke/LambdaForm$MH+0x0000020bd601ec00'
Event: 3631.366 Thread 0x0000020bbe2dbef0 Unloading class 0x0000020bd6018800 'java/lang/invoke/LambdaForm$MH+0x0000020bd6018800'
Event: 3631.366 Thread 0x0000020bbe2dbef0 Unloading class 0x0000020bd600d800 'java/lang/invoke/LambdaForm$MH+0x0000020bd600d800'
Event: 3631.367 Thread 0x0000020bbe2dbef0 Unloading class 0x0000020bd600d400 'java/lang/invoke/LambdaForm$MH+0x0000020bd600d400'
Event: 3631.367 Thread 0x0000020bbe2dbef0 Unloading class 0x0000020bd600d000 'java/lang/invoke/LambdaForm$MH+0x0000020bd600d000'
Event: 3631.367 Thread 0x0000020bbe2dbef0 Unloading class 0x0000020bd600cc00 'java/lang/invoke/LambdaForm$MH+0x0000020bd600cc00'
Event: 3631.367 Thread 0x0000020bbe2dbef0 Unloading class 0x0000020bd600c800 'java/lang/invoke/LambdaForm$BMH+0x0000020bd600c800'
Event: 3631.367 Thread 0x0000020bbe2dbef0 Unloading class 0x0000020bd600c000 'java/lang/invoke/LambdaForm$DMH+0x0000020bd600c000'
Event: 3631.367 Thread 0x0000020bbe2dbef0 Unloading class 0x0000020bd6008c00 'java/lang/invoke/LambdaForm$MH+0x0000020bd6008c00'
Event: 3631.367 Thread 0x0000020bbe2dbef0 Unloading class 0x0000020bd6008800 'java/lang/invoke/LambdaForm$MH+0x0000020bd6008800'
Event: 3631.367 Thread 0x0000020bbe2dbef0 Unloading class 0x0000020bd6008400 'java/lang/invoke/LambdaForm$MH+0x0000020bd6008400'
Event: 3631.367 Thread 0x0000020bbe2dbef0 Unloading class 0x0000020bd6007000 'java/lang/invoke/LambdaForm$MH+0x0000020bd6007000'
Event: 3631.367 Thread 0x0000020bbe2dbef0 Unloading class 0x0000020bd6006c00 'java/lang/invoke/LambdaForm$MH+0x0000020bd6006c00'
Event: 3631.367 Thread 0x0000020bbe2dbef0 Unloading class 0x0000020bd6006800 'java/lang/invoke/LambdaForm$MH+0x0000020bd6006800'
Event: 3631.367 Thread 0x0000020bbe2dbef0 Unloading class 0x0000020bd6006400 'java/lang/invoke/LambdaForm$MH+0x0000020bd6006400'
Event: 3631.367 Thread 0x0000020bbe2dbef0 Unloading class 0x0000020bd6005c00 'java/lang/invoke/LambdaForm$BMH+0x0000020bd6005c00'
Event: 3631.368 Thread 0x0000020bbe2dbef0 Unloading class 0x0000020bd6004800 'java/lang/invoke/LambdaForm$DMH+0x0000020bd6004800'
Event: 3631.368 Thread 0x0000020bbe2dbef0 Unloading class 0x0000020bd6002400 'java/lang/invoke/LambdaForm$MH+0x0000020bd6002400'
Event: 3631.368 Thread 0x0000020bbe2dbef0 Unloading class 0x0000020bd6002000 'java/lang/invoke/LambdaForm$MH+0x0000020bd6002000'
Event: 3631.368 Thread 0x0000020bbe2dbef0 Unloading class 0x0000020bd6001800 'java/lang/invoke/LambdaForm$MH+0x0000020bd6001800'

Classes redefined (0 events):
No events

Internal exceptions (20 events):
Event: 3930.303 Thread 0x0000020c1e2a9f90 Exception <a 'java/lang/ArrayIndexOutOfBoundsException'{0x00000000d56176e0}: Index 938 out of bounds for length 938> (0x00000000d56176e0) 
thrown [s\src\hotspot\share\interpreter\interpreterRuntime.cpp, line 439]
Event: 3930.304 Thread 0x0000020c1e2a9f90 Exception <a 'java/lang/ArrayIndexOutOfBoundsException'{0x00000000d5618ea0}: Index 938 out of bounds for length 938> (0x00000000d5618ea0) 
thrown [s\src\hotspot\share\interpreter\interpreterRuntime.cpp, line 439]
Event: 3930.304 Thread 0x0000020c1e2a9f90 Exception <a 'java/lang/ArrayIndexOutOfBoundsException'{0x00000000d5619478}: Index 939 out of bounds for length 938> (0x00000000d5619478) 
thrown [s\src\hotspot\share\interpreter\interpreterRuntime.cpp, line 439]
Event: 3930.516 Thread 0x0000020c1e2a9900 Implicit null exception at 0x0000020bc9d224f6 to 0x0000020bc9d23134
Event: 3930.941 Thread 0x0000020c1e2a9f90 Exception <a 'java/lang/ArrayIndexOutOfBoundsException'{0x00000000d57a5098}> (0x00000000d57a5098) 
thrown [s\src\hotspot\share\runtime\sharedRuntime.cpp, line 625]
Event: 3931.021 Thread 0x0000020c1e2a9f90 Implicit null exception at 0x0000020bc9cae4f5 to 0x0000020bc9cb12bc
Event: 3931.021 Thread 0x0000020c1e2a9f90 Implicit null exception at 0x0000020bc99c0039 to 0x0000020bc99c03b0
Event: 3931.233 Thread 0x0000020c1e2a9f90 Implicit null exception at 0x0000020bc9bd8b54 to 0x0000020bc9bd9400
Event: 3931.346 Thread 0x0000020c1e2a9f90 Implicit null exception at 0x0000020bc94ddc4c to 0x0000020bc94ddec4
Event: 3931.478 Thread 0x0000020c1e2a9f90 Exception <a 'java/lang/IncompatibleClassChangeError'{0x00000000d55878c8}: Found class java.lang.Object, but interface was expected> (0x00000000d55878c8) 
thrown [s\src\hotspot\share\interpreter\linkResolver.cpp, line 840]
Event: 3932.314 Thread 0x0000020c1c9999a0 Exception <a 'java/lang/NoSuchMethodError'{0x00000000d558a820}: 'int java.lang.invoke.DirectMethodHandle$Holder.invokeSpecialIFC(java.lang.Object, java.lang.Object, int)'> (0x00000000d558a820) 
thrown [s\src\hotspot\share\interpreter\linkResolver.cpp, line 773]
Event: 3932.341 Thread 0x0000020c1c9999a0 Implicit null exception at 0x0000020bc94c3512 to 0x0000020bc94c35b9
Event: 3932.369 Thread 0x0000020c1c9999a0 Exception <a 'java/lang/NoSuchMethodError'{0x00000000d55dfab8}: 'void java.lang.invoke.DirectMethodHandle$Holder.invokeInterface(java.lang.Object, java.lang.Object)'> (0x00000000d55dfab8) 
thrown [s\src\hotspot\share\interpreter\linkResolver.cpp, line 773]
Event: 3932.441 Thread 0x0000020c1e2a9f90 Exception <a 'java/lang/ArrayIndexOutOfBoundsException'{0x00000000d5661438}> (0x00000000d5661438) 
thrown [s\src\hotspot\share\runtime\sharedRuntime.cpp, line 625]
Event: 3932.639 Thread 0x0000020c1e2a9f90 Implicit null exception at 0x0000020bc9e0abc5 to 0x0000020bc9e0f908
Event: 3934.110 Thread 0x0000020c1e2a9270 Exception <a 'java/lang/ArrayIndexOutOfBoundsException'{0x00000000d55f1eb0}> (0x00000000d55f1eb0) 
thrown [s\src\hotspot\share\runtime\sharedRuntime.cpp, line 625]
Event: 3934.405 Thread 0x0000020c1e2a9270 Exception <a 'java/lang/ArrayIndexOutOfBoundsException'{0x00000000d5626bb0}> (0x00000000d5626bb0) 
thrown [s\src\hotspot\share\runtime\sharedRuntime.cpp, line 625]
Event: 4025.919 Thread 0x0000020c1e2a9270 Implicit null exception at 0x0000020bc9a6c4ba to 0x0000020bc9a6c980
Event: 4025.922 Thread 0x0000020c1e2a9270 Implicit null exception at 0x0000020bc98aa488 to 0x0000020bc98aa594
Event: 4112.058 Thread 0x0000020c1e2a9f90 Exception <a 'java/lang/IncompatibleClassChangeError'{0x00000000d55de470}: Found class java.lang.Object, but interface was expected> (0x00000000d55de470) 
thrown [s\src\hotspot\share\interpreter\linkResolver.cpp, line 840]

ZGC Phase Switch (0 events):
No events

VM Operations (20 events):
Event: 4127.429 Executing safepoint VM operation: ParallelGCFailedAllocation (Allocation Failure)
Event: 4127.432 Executing safepoint VM operation: ParallelGCFailedAllocation (Allocation Failure) done
Event: 4127.446 Executing safepoint VM operation: ParallelGCFailedAllocation (Allocation Failure)
Event: 4127.450 Executing safepoint VM operation: ParallelGCFailedAllocation (Allocation Failure) done
Event: 4127.477 Executing safepoint VM operation: ParallelGCFailedAllocation (Allocation Failure)
Event: 4127.479 Executing safepoint VM operation: ParallelGCFailedAllocation (Allocation Failure) done
Event: 4127.484 Executing safepoint VM operation: ParallelGCFailedAllocation (Allocation Failure)
Event: 4127.486 Executing safepoint VM operation: ParallelGCFailedAllocation (Allocation Failure) done
Event: 4127.491 Executing safepoint VM operation: ParallelGCFailedAllocation (Allocation Failure)
Event: 4127.493 Executing safepoint VM operation: ParallelGCFailedAllocation (Allocation Failure) done
Event: 4127.733 Executing safepoint VM operation: ParallelGCFailedAllocation (Allocation Failure)
Event: 4127.735 Executing safepoint VM operation: ParallelGCFailedAllocation (Allocation Failure) done
Event: 4128.750 Executing safepoint VM operation: Cleanup
Event: 4128.750 Executing safepoint VM operation: Cleanup done
Event: 4148.106 Executing non-safepoint VM operation: HandshakeAllThreads (HandshakeForDeflation)
Event: 4148.107 Executing non-safepoint VM operation: HandshakeAllThreads (HandshakeForDeflation) done
Event: 4148.107 Executing non-safepoint VM operation: RendezvousGCThreads
Event: 4148.107 Executing non-safepoint VM operation: RendezvousGCThreads done
Event: 4148.343 Executing safepoint VM operation: ParallelGCFailedAllocation (Allocation Failure)
Event: 4148.350 Executing safepoint VM operation: ParallelGCFailedAllocation (Allocation Failure) done

Memory protections (0 events):
No events

Nmethod flushes (20 events):
Event: 3632.355 Thread 0x0000020bbe2dbef0 flushing  nmethod 0x0000020bc222a290
Event: 3632.355 Thread 0x0000020bbe2dbef0 flushing  nmethod 0x0000020bc222ba90
Event: 3632.355 Thread 0x0000020bbe2dbef0 flushing  nmethod 0x0000020bc2230310
Event: 3632.356 Thread 0x0000020bbe2dbef0 flushing  nmethod 0x0000020bc223f790
Event: 3632.356 Thread 0x0000020bbe2dbef0 flushing  nmethod 0x0000020bc2247f10
Event: 3632.356 Thread 0x0000020bbe2dbef0 flushing osr nmethod 0x0000020bc2249810
Event: 3632.356 Thread 0x0000020bbe2dbef0 flushing  nmethod 0x0000020bc225c310
Event: 3632.356 Thread 0x0000020bbe2dbef0 flushing  nmethod 0x0000020bc225cc10
Event: 3632.356 Thread 0x0000020bbe2dbef0 flushing  nmethod 0x0000020bc225e710
Event: 3632.356 Thread 0x0000020bbe2dbef0 flushing  nmethod 0x0000020bc225f790
Event: 3632.356 Thread 0x0000020bbe2dbef0 flushing  nmethod 0x0000020bc2261010
Event: 3632.356 Thread 0x0000020bbe2dbef0 flushing  nmethod 0x0000020bc2261d10
Event: 3632.356 Thread 0x0000020bbe2dbef0 flushing  nmethod 0x0000020bc2262a90
Event: 3632.356 Thread 0x0000020bbe2dbef0 flushing  nmethod 0x0000020bc2263090
Event: 3632.356 Thread 0x0000020bbe2dbef0 flushing osr nmethod 0x0000020bc226b110
Event: 3632.356 Thread 0x0000020bbe2dbef0 flushing osr nmethod 0x0000020bc227bd10
Event: 3632.356 Thread 0x0000020bbe2dbef0 flushing  nmethod 0x0000020bc22a0190
Event: 3632.356 Thread 0x0000020bbe2dbef0 flushing osr nmethod 0x0000020bc22caf10
Event: 3632.356 Thread 0x0000020bbe2dbef0 flushing  nmethod 0x0000020bc22da810
Event: 3632.356 Thread 0x0000020bbe2dbef0 flushing osr nmethod 0x0000020bc230a910

Events (20 events):
Event: 3697.134 Thread 0x0000020c1c980dd0 Thread exited: 0x0000020c1c980dd0
Event: 3729.626 Thread 0x0000020c1e5c55f0 Thread added: 0x0000020c1c9800b0
Event: 3821.445 Thread 0x0000020c1e2acd80 Thread exited: 0x0000020c1e2acd80
Event: 3829.539 Thread 0x0000020bbe186ff0 Thread added: 0x0000020c1e186ba0
Event: 3830.191 Thread 0x0000020c1e186ba0 Thread exited: 0x0000020c1e186ba0
Event: 3847.018 Thread 0x0000020c1c9800b0 Thread added: 0x0000020c1c99b3e0
Event: 3931.278 Thread 0x0000020c1e2a9f90 Thread added: 0x0000020c1c999310
Event: 3931.672 Thread 0x0000020c1e2a9f90 Thread added: 0x0000020c1c9999a0
Event: 3931.739 Thread 0x0000020c1c999310 Thread added: 0x0000020c1c99a030
Event: 3931.760 Thread 0x0000020c1c99a030 Thread exited: 0x0000020c1c99a030
Event: 3931.898 Thread 0x0000020c1c9999a0 Thread added: 0x0000020c1c99a6c0
Event: 3931.911 Thread 0x0000020c1c99a6c0 Thread exited: 0x0000020c1c99a6c0
Event: 3932.149 Thread 0x0000020c1c999310 Thread added: 0x0000020c1c99a030
Event: 3932.167 Thread 0x0000020c1c999310 Thread exited: 0x0000020c1c999310
Event: 3947.215 Thread 0x0000020c1c99a030 Thread exited: 0x0000020c1c99a030
Event: 3993.991 Thread 0x0000020c1c9999a0 Thread exited: 0x0000020c1c9999a0
Event: 4004.200 Thread 0x0000020c1e5c55f0 Thread exited: 0x0000020c1e5c55f0
Event: 4208.586 Thread 0x0000020c1e2a9270 Thread exited: 0x0000020c1e2a9270
Event: 4268.592 Thread 0x0000020c1e2ac6f0 Thread exited: 0x0000020c1e2ac6f0
Event: 4328.594 Thread 0x0000020c1e2a9900 Thread exited: 0x0000020c1e2a9900


Dynamic libraries:
0x00007ff72d390000 - 0x00007ff72d39e000 	c:\Users\marco\.vscode\extensions\redhat.java-1.54.0-win32-x64\jre\21.0.10-win32-x86_64\bin\java.exe
0x00007ffd73520000 - 0x00007ffd73787000 	C:\WINDOWS\SYSTEM32\ntdll.dll
0x00007ffd72210000 - 0x00007ffd722d9000 	C:\WINDOWS\System32\KERNEL32.DLL
0x00007ffd70ea0000 - 0x00007ffd71297000 	C:\WINDOWS\System32\KERNELBASE.dll
0x00007ffd70210000 - 0x00007ffd7035b000 	C:\WINDOWS\System32\ucrtbase.dll
0x00007ffd60b70000 - 0x00007ffd60b88000 	c:\Users\marco\.vscode\extensions\redhat.java-1.54.0-win32-x64\jre\21.0.10-win32-x86_64\bin\jli.dll
0x00007ffd71680000 - 0x00007ffd71846000 	C:\WINDOWS\System32\USER32.dll
0x00007ffd70000000 - 0x00007ffd70027000 	C:\WINDOWS\System32\win32u.dll
0x00007ffd71960000 - 0x00007ffd7198b000 	C:\WINDOWS\System32\GDI32.dll
0x00007ffd700e0000 - 0x00007ffd7020c000 	C:\WINDOWS\System32\gdi32full.dll
0x00007ffd70030000 - 0x00007ffd700d3000 	C:\WINDOWS\System32\msvcp_win.dll
0x00007ffd60b50000 - 0x00007ffd60b6e000 	c:\Users\marco\.vscode\extensions\redhat.java-1.54.0-win32-x64\jre\21.0.10-win32-x86_64\bin\VCRUNTIME140.dll
0x00007ffd560a0000 - 0x00007ffd56332000 	C:\WINDOWS\WinSxS\amd64_microsoft.windows.common-controls_6595b64144ccf1df_6.0.26100.8328_none_3e08182ce334b678\COMCTL32.dll
0x00007ffd724b0000 - 0x00007ffd72559000 	C:\WINDOWS\System32\msvcrt.dll
0x00007ffd72e70000 - 0x00007ffd72ea2000 	C:\WINDOWS\System32\IMM32.DLL
0x00007ffd60560000 - 0x00007ffd6056c000 	c:\Users\marco\.vscode\extensions\redhat.java-1.54.0-win32-x64\jre\21.0.10-win32-x86_64\bin\vcruntime140_1.dll
0x00007ffd54c60000 - 0x00007ffd54ced000 	c:\Users\marco\.vscode\extensions\redhat.java-1.54.0-win32-x64\jre\21.0.10-win32-x86_64\bin\msvcp140.dll
0x00007ffcd0190000 - 0x00007ffcd0f31000 	c:\Users\marco\.vscode\extensions\redhat.java-1.54.0-win32-x64\jre\21.0.10-win32-x86_64\bin\server\jvm.dll
0x00007ffd72eb0000 - 0x00007ffd72f66000 	C:\WINDOWS\System32\ADVAPI32.dll
0x00007ffd712a0000 - 0x00007ffd71347000 	C:\WINDOWS\System32\sechost.dll
0x00007ffd71990000 - 0x00007ffd71aa8000 	C:\WINDOWS\System32\RPCRT4.dll
0x00007ffd715f0000 - 0x00007ffd71670000 	C:\WINDOWS\System32\WS2_32.dll
0x00007ffd6fdb0000 - 0x00007ffd6fe0e000 	C:\WINDOWS\SYSTEM32\POWRPROF.dll
0x00007ffd52490000 - 0x00007ffd524c6000 	C:\WINDOWS\SYSTEM32\WINMM.dll
0x00007ffd5b130000 - 0x00007ffd5b13b000 	C:\WINDOWS\SYSTEM32\VERSION.dll
0x00007ffd6fd90000 - 0x00007ffd6fda4000 	C:\WINDOWS\SYSTEM32\UMPDC.dll
0x00007ffd6ece0000 - 0x00007ffd6ecfb000 	C:\WINDOWS\SYSTEM32\kernel.appcore.dll
0x00007ffd60240000 - 0x00007ffd6024a000 	c:\Users\marco\.vscode\extensions\redhat.java-1.54.0-win32-x64\jre\21.0.10-win32-x86_64\bin\jimage.dll
0x00007ffd6de90000 - 0x00007ffd6e0d2000 	C:\WINDOWS\SYSTEM32\DBGHELP.DLL
0x00007ffd730d0000 - 0x00007ffd73453000 	C:\WINDOWS\System32\combase.dll
0x00007ffd71510000 - 0x00007ffd715e9000 	C:\WINDOWS\System32\OLEAUT32.dll
0x00007ffd4b3f0000 - 0x00007ffd4b42b000 	C:\WINDOWS\SYSTEM32\dbgcore.DLL
0x00007ffd6ff50000 - 0x00007ffd6fff8000 	C:\WINDOWS\System32\bcryptPrimitives.dll
0x00007ffd5be30000 - 0x00007ffd5be3f000 	c:\Users\marco\.vscode\extensions\redhat.java-1.54.0-win32-x64\jre\21.0.10-win32-x86_64\bin\instrument.dll
0x00007ffd54c40000 - 0x00007ffd54c60000 	c:\Users\marco\.vscode\extensions\redhat.java-1.54.0-win32-x64\jre\21.0.10-win32-x86_64\bin\java.dll
0x00007ffd726f0000 - 0x00007ffd72e5e000 	C:\WINDOWS\System32\SHELL32.dll
0x00007ffd705a0000 - 0x00007ffd70e0c000 	C:\WINDOWS\System32\windows.storage.dll
0x00007ffd71860000 - 0x00007ffd71956000 	C:\WINDOWS\System32\SHCORE.dll
0x00007ffd72370000 - 0x00007ffd723d6000 	C:\WINDOWS\System32\shlwapi.dll
0x00007ffd6fe70000 - 0x00007ffd6fe99000 	C:\WINDOWS\SYSTEM32\profapi.dll
0x00007ffd54c20000 - 0x00007ffd54c38000 	c:\Users\marco\.vscode\extensions\redhat.java-1.54.0-win32-x64\jre\21.0.10-win32-x86_64\bin\zip.dll
0x00007ffd5bd40000 - 0x00007ffd5bd50000 	C:\Users\marco\.vscode\extensions\redhat.java-1.54.0-win32-x64\jre\21.0.10-win32-x86_64\bin\net.dll
0x00007ffd63250000 - 0x00007ffd63379000 	C:\WINDOWS\SYSTEM32\WINHTTP.dll
0x00007ffd6f250000 - 0x00007ffd6f2bc000 	C:\WINDOWS\system32\mswsock.dll
0x00007ffd54c00000 - 0x00007ffd54c16000 	C:\Users\marco\.vscode\extensions\redhat.java-1.54.0-win32-x64\jre\21.0.10-win32-x86_64\bin\nio.dll
0x00007ffd55010000 - 0x00007ffd55020000 	c:\Users\marco\.vscode\extensions\redhat.java-1.54.0-win32-x64\jre\21.0.10-win32-x86_64\bin\verify.dll
0x00007ffd525d0000 - 0x00007ffd52615000 	C:\Users\marco\AppData\Roaming\Code\User\globalStorage\redhat.java\1.54.0\config_win\org.eclipse.equinox.launcher\org.eclipse.equinox.launcher.win32.win32.x86_64_1.3.0.v20260203-2149\eclipse_11919.dll
0x00007ffd71370000 - 0x00007ffd71507000 	C:\WINDOWS\System32\ole32.dll
0x00007ffd607c0000 - 0x00007ffd607ca000 	C:\Users\marco\.vscode\extensions\redhat.java-1.54.0-win32-x64\jre\21.0.10-win32-x86_64\bin\management.dll
0x00007ffd607b0000 - 0x00007ffd607bc000 	C:\Users\marco\.vscode\extensions\redhat.java-1.54.0-win32-x64\jre\21.0.10-win32-x86_64\bin\management_ext.dll
0x00007ffd71b90000 - 0x00007ffd71b98000 	C:\WINDOWS\System32\PSAPI.DLL
0x00007ffd6f530000 - 0x00007ffd6f54b000 	C:\WINDOWS\SYSTEM32\CRYPTSP.dll
0x00007ffd6ec20000 - 0x00007ffd6ec59000 	C:\WINDOWS\system32\rsaenh.dll
0x00007ffd6f300000 - 0x00007ffd6f333000 	C:\WINDOWS\SYSTEM32\USERENV.dll
0x00007ffd6fe40000 - 0x00007ffd6fe6a000 	C:\WINDOWS\SYSTEM32\bcrypt.dll
0x00007ffd6f550000 - 0x00007ffd6f55c000 	C:\WINDOWS\SYSTEM32\CRYPTBASE.dll
0x00007ffd6e750000 - 0x00007ffd6e782000 	C:\WINDOWS\SYSTEM32\IPHLPAPI.DLL
0x00007ffd723e0000 - 0x00007ffd723ea000 	C:\WINDOWS\System32\NSI.dll
0x00007ffd54bb0000 - 0x00007ffd54bf9000 	C:\Users\marco\AppData\Local\Temp\jna--1891930580\jna2905429945132407813.dll
0x00007ffd63230000 - 0x00007ffd6324d000 	C:\WINDOWS\SYSTEM32\dhcpcsvc6.DLL
0x00007ffd630d0000 - 0x00007ffd630f5000 	C:\WINDOWS\SYSTEM32\dhcpcsvc.DLL
0x00007ffd60700000 - 0x00007ffd6070e000 	C:\Users\marco\.vscode\extensions\redhat.java-1.54.0-win32-x64\jre\21.0.10-win32-x86_64\bin\sunmscapi.dll
0x00007ffd70360000 - 0x00007ffd704d8000 	C:\WINDOWS\System32\CRYPT32.dll
0x00007ffd6f750000 - 0x00007ffd6f780000 	C:\WINDOWS\SYSTEM32\ncrypt.dll
0x00007ffd6f700000 - 0x00007ffd6f73f000 	C:\WINDOWS\SYSTEM32\NTASN1.dll
0x00007ffd6e790000 - 0x00007ffd6e8c2000 	C:\WINDOWS\SYSTEM32\DNSAPI.dll
0x0000000060cc0000 - 0x0000000060ce6000 	C:\Program Files\Bonjour\mdnsNSP.dll
0x00007ffd54780000 - 0x00007ffd5478b000 	C:\Windows\System32\rasadhlp.dll
0x00007ffd5a260000 - 0x00007ffd5a2e6000 	C:\WINDOWS\System32\fwpuclnt.dll
0x00007ffd605a0000 - 0x00007ffd605a9000 	C:\Users\marco\.vscode\extensions\redhat.java-1.54.0-win32-x64\jre\21.0.10-win32-x86_64\bin\extnet.dll

JVMTI agents:
c:\Users\marco\.vscode\extensions\redhat.java-1.54.0-win32-x64\lombok\lombok-1.18.39-4050.jar path:c:\Users\marco\.vscode\extensions\redhat.java-1.54.0-win32-x64\jre\21.0.10-win32-x86_64\bin\instrument.dll, loaded, initialized, instrumentlib options:none

dbghelp: loaded successfully - version: 4.0.5 - missing functions: none
symbol engine: initialized successfully - sym options: 0x614 - pdb path: .;c:\Users\marco\.vscode\extensions\redhat.java-1.54.0-win32-x64\jre\21.0.10-win32-x86_64\bin;C:\WINDOWS\SYSTEM32;C:\WINDOWS\WinSxS\amd64_microsoft.windows.common-controls_6595b64144ccf1df_6.0.26100.8328_none_3e08182ce334b678;c:\Users\marco\.vscode\extensions\redhat.java-1.54.0-win32-x64\jre\21.0.10-win32-x86_64\bin\server;C:\Users\marco\AppData\Roaming\Code\User\globalStorage\redhat.java\1.54.0\config_win\org.eclipse.equinox.launcher\org.eclipse.equinox.launcher.win32.win32.x86_64_1.3.0.v20260203-2149;C:\Users\marco\AppData\Local\Temp\jna--1891930580;C:\Program Files\Bonjour

VM Arguments:
jvm_args: --add-modules=ALL-SYSTEM --add-opens=java.base/java.util=ALL-UNNAMED --add-opens=java.base/java.lang=ALL-UNNAMED --add-opens=java.base/sun.nio.fs=ALL-UNNAMED -Declipse.application=org.eclipse.jdt.ls.core.id1 -Dosgi.bundles.defaultStartLevel=4 -Declipse.product=org.eclipse.jdt.ls.core.product -Djava.import.generatesMetadataFilesAtProjectRoot=false -DDetectVMInstallationsJob.disabled=true -Dfile.encoding=utf8 -XX:+UseParallelGC -XX:GCTimeRatio=4 -XX:AdaptiveSizePolicyWeight=90 -Dsun.zip.disableMemoryMapping=true -Xmx2G -Xms100m -Xlog:disable -javaagent:c:\Users\marco\.vscode\extensions\redhat.java-1.54.0-win32-x64\lombok\lombok-1.18.39-4050.jar -XX:+HeapDumpOnOutOfMemoryError -XX:HeapDumpPath=c:\Users\marco\AppData\Roaming\Code\User\workspaceStorage\8b49c7789c27954e92cfad00a29976a5\redhat.java -Daether.dependencyCollector.impl=bf 
java_command: c:\Users\marco\.vscode\extensions\redhat.java-1.54.0-win32-x64\server\plugins\org.eclipse.equinox.launcher_1.7.100.v20251111-0406.jar -configuration c:\Users\marco\AppData\Roaming\Code\User\globalStorage\redhat.java\1.54.0\config_win -data c:\Users\marco\AppData\Roaming\Code\User\workspaceStorage\8b49c7789c27954e92cfad00a29976a5\redhat.java\jdt_ws --pipe=\\.\pipe\lsp-8729ce2b2954a8339079423fa3f1f10a-sock
java_class_path (initial): c:\Users\marco\.vscode\extensions\redhat.java-1.54.0-win32-x64\server\plugins\org.eclipse.equinox.launcher_1.7.100.v20251111-0406.jar
Launcher Type: SUN_STANDARD

[Global flags]
    uintx AdaptiveSizePolicyWeight                 = 90                                        {product} {command line}
     intx CICompilerCount                          = 3                                         {product} {ergonomic}
    uintx GCTimeRatio                              = 4                                         {product} {command line}
     bool HeapDumpOnOutOfMemoryError               = true                                   {manageable} {command line}
    ccstr HeapDumpPath                             = c:\Users\marco\AppData\Roaming\Code\User\workspaceStorage\8b49c7789c27954e92cfad00a29976a5\redhat.java         {manageable} {command line}
   size_t InitialHeapSize                          = 104857600                                 {product} {command line}
   size_t MaxHeapSize                              = 2147483648                                {product} {command line}
   size_t MaxNewSize                               = 715653120                                 {product} {ergonomic}
   size_t MinHeapDeltaBytes                        = 524288                                    {product} {ergonomic}
   size_t MinHeapSize                              = 104857600                                 {product} {command line}
   size_t NewSize                                  = 34603008                                  {product} {ergonomic}
    uintx NonNMethodCodeHeapSize                   = 5832780                                {pd product} {ergonomic}
    uintx NonProfiledCodeHeapSize                  = 122912730                              {pd product} {ergonomic}
   size_t OldSize                                  = 70254592                                  {product} {ergonomic}
    uintx ProfiledCodeHeapSize                     = 122912730                              {pd product} {ergonomic}
    uintx ReservedCodeCacheSize                    = 251658240                              {pd product} {ergonomic}
     bool SegmentedCodeCache                       = true                                      {product} {ergonomic}
   size_t SoftMaxHeapSize                          = 2147483648                             {manageable} {ergonomic}
     bool UseCompressedOops                        = true                           {product lp64_product} {ergonomic}
     bool UseLargePagesIndividualAllocation        = false                                  {pd product} {ergonomic}
     bool UseParallelGC                            = true                                      {product} {command line}

Logging:
Log output configuration:
 #0: stdout all=off uptime,level,tags foldmultilines=false
 #1: stderr all=off uptime,level,tags foldmultilines=false

Release file:
JAVA_VERSION="21.0.10" 
MODULES="java.base java.compiler java.datatransfer java.xml java.prefs java.desktop java.instrument java.logging java.management java.security.sasl java.naming java.rmi java.management.rmi java.net.http java.scripting java.security.jgss java.transaction.xa java.sql java.sql.rowset java.xml.crypto java.se java.smartcardio jdk.accessibility jdk.internal.jvmstat jdk.attach jdk.charsets jdk.internal.opt jdk.zipfs jdk.compiler jdk.crypto.ec jdk.crypto.cryptoki jdk.crypto.mscapi jdk.dynalink jdk.internal.ed jdk.editpad jdk.hotspot.agent jdk.httpserver jdk.internal.le jdk.internal.vm.ci jdk.internal.vm.compiler jdk.internal.vm.compiler.management jdk.jartool jdk.javadoc jdk.jcmd jdk.management jdk.management.agent jdk.jconsole jdk.jdeps jdk.jdwp.agent jdk.jdi jdk.jfr jdk.jshell jdk.jsobject jdk.jstatd jdk.localedata jdk.management.jfr jdk.naming.dns jdk.naming.rmi jdk.net jdk.nio.mapmode jdk.random jdk.sctp jdk.security.auth jdk.security.jgss jdk.unsupported jdk.unsupported.desktop jdk.xml.dom" 

Environment Variables:
PATH=C:\Users\marco\AppData\Local\Programs\Microsoft VS Code;C:\Program Files\Common Files\Oracle\Java\javapath;C:\Program Files (x86)\Common Files\Oracle\Java\java8path;C:\Program Files (x86)\Common Files\Oracle\Java\javapath;C:\WINDOWS\system32;C:\WINDOWS;C:\WINDOWS\System32\Wbem;C:\WINDOWS\System32\WindowsPowerShell\v1.0\;C:\WINDOWS\System32\OpenSSH\;C:\Program Files\dotnet\;C:\Program Files\nodejs\;C:\Users\marco\AppData\Local\Muse Hub\lib;C:\Program Files\Git\cmd;C:\Users\marco\AppData\Local\Microsoft\WindowsApps;C:\Users\marco\AppData\Local\Muse Hub\lib;C:\Users\marco\AppData\Local\Programs\Microsoft VS Code\bin;C:\mingw64\x86_64-8.1.0-release-posix-seh-rt_v6-rev0\mingw64\bin;C:\Users\marco\AppData\Roaming\npm;C:\Users\marco\AppData\Local\GitHubDesktop\bin
USERNAME=ALEXA_SC
OS=Windows_NT
PROCESSOR_IDENTIFIER=Intel64 Family 6 Model 142 Stepping 12, GenuineIntel
TMP=C:\Users\marco\AppData\Local\Temp
TEMP=C:\Users\marco\AppData\Local\Temp




Periodic native trim disabled

---------------  S Y S T E M  ---------------

OS:
 Windows 11 , 64 bit Build 26100 (10.0.26100.8328)
OS uptime: 0 days 18:35 hours
Hyper-V role detected

CPU: total 4 (initial active 4) (2 cores per cpu, 2 threads per core) family 6 model 142 stepping 12 microcode 0xf0, cx8, cmov, fxsr, ht, mmx, 3dnowpref, sse, sse2, sse3, ssse3, sse4.1, sse4.2, popcnt, lzcnt, tsc, tscinvbit, avx, avx2, aes, erms, clmul, bmi1, bmi2, adx, fma, vzeroupper, clflush, clflushopt, hv, rdtscp, f16c
Processor Information for the first 4 processors :
  Max Mhz: 2592, Current Mhz: 2093, Mhz Limit: 2073

Memory: 4k page, system-wide physical 3930M (272M free)
TotalPageFile size 16218M (AvailPageFile size 5M)
current process WorkingSet (physical memory assigned to process): 7M, peak: 478M
current process commit charge ("private bytes"): 803M, peak: 817M

vm_info: OpenJDK 64-Bit Server VM (21.0.10+7-LTS) for windows-amd64 JRE (21.0.10+7-LTS), built on 2026-01-20T00:00:00Z by "admin" with MS VC++ 17.12 (VS2022)

END.
